  Play.cpp
C:\Program Files\Microsoft Visual Studio\2022\Community\VC\Tools\MSVC\14.34.31933\include\xstddef(142,55): error C2676: binary '<': 'const _Ty' does not define this operator or a conversion to a type acceptable to the predefined operator
          with
          [
              _Ty=vipText
          ]
C:\Program Files\Microsoft Visual Studio\2022\Community\VC\Tools\MSVC\14.34.31933\include\list(1893,17): message : could be 'bool std::operator <(const std::list<_Ty,_Alloc> &,const std::list<_Ty,_Alloc> &)'
C:\Program Files\Microsoft Visual Studio\2022\Community\VC\Tools\MSVC\14.34.31933\include\xstddef(142,49): message : 'bool std::operator <(const std::list<_Ty,_Alloc> &,const std::list<_Ty,_Alloc> &)': could not deduce template argument for 'const std::list<_Ty,_Alloc> &' from 'const _Ty'
          with
          [
              _Ty=vipText
          ]
C:\Program Files\Microsoft Visual Studio\2022\Community\VC\Tools\MSVC\14.34.31933\include\set(444,17): message : or       'bool std::operator <(const std::multiset<_Kty,_Pr,_Alloc> &,const std::multiset<_Kty,_Pr,_Alloc> &)'
C:\Program Files\Microsoft Visual Studio\2022\Community\VC\Tools\MSVC\14.34.31933\include\xstddef(142,49): message : 'bool std::operator <(const std::multiset<_Kty,_Pr,_Alloc> &,const std::multiset<_Kty,_Pr,_Alloc> &)': could not deduce template argument for 'const std::multiset<_Kty,_Pr,_Alloc> &' from 'const _Ty'
          with
          [
              _Ty=vipText
          ]
C:\Program Files\Microsoft Visual Studio\2022\Community\VC\Tools\MSVC\14.34.31933\include\set(229,17): message : or       'bool std::operator <(const std::set<_Kty,_Pr,_Alloc> &,const std::set<_Kty,_Pr,_Alloc> &)'
C:\Program Files\Microsoft Visual Studio\2022\Community\VC\Tools\MSVC\14.34.31933\include\xstddef(142,49): message : 'bool std::operator <(const std::set<_Kty,_Pr,_Alloc> &,const std::set<_Kty,_Pr,_Alloc> &)': could not deduce template argument for 'const std::set<_Kty,_Pr,_Alloc> &' from 'const _Ty'
          with
          [
              _Ty=vipText
          ]
C:\Program Files\Microsoft Visual Studio\2022\Community\VC\Tools\MSVC\14.34.31933\include\queue(191,17): message : or       'bool std::operator <(const std::queue<_Ty,_Container> &,const std::queue<_Ty,_Container> &)'
C:\Program Files\Microsoft Visual Studio\2022\Community\VC\Tools\MSVC\14.34.31933\include\xstddef(142,49): message : 'bool std::operator <(const std::queue<_Ty,_Container> &,const std::queue<_Ty,_Container> &)': could not deduce template argument for 'const std::queue<_Ty,_Container> &' from 'const _Ty'
          with
          [
              _Ty=vipText
          ]
C:\Program Files\Microsoft Visual Studio\2022\Community\VC\Tools\MSVC\14.34.31933\include\map(653,17): message : or       'bool std::operator <(const std::multimap<_Kty,_Ty,_Pr,_Alloc> &,const std::multimap<_Kty,_Ty,_Pr,_Alloc> &)'
C:\Program Files\Microsoft Visual Studio\2022\Community\VC\Tools\MSVC\14.34.31933\include\xstddef(142,49): message : 'bool std::operator <(const std::multimap<_Kty,_Ty,_Pr,_Alloc> &,const std::multimap<_Kty,_Ty,_Pr,_Alloc> &)': could not deduce template argument for 'const std::multimap<_Kty,_Ty,_Pr,_Alloc> &' from 'const _Ty'
          with
          [
              _Ty=vipText
          ]
C:\Program Files\Microsoft Visual Studio\2022\Community\VC\Tools\MSVC\14.34.31933\include\map(420,17): message : or       'bool std::operator <(const std::map<_Kty,_Ty,_Pr,_Alloc> &,const std::map<_Kty,_Ty,_Pr,_Alloc> &)'
C:\Program Files\Microsoft Visual Studio\2022\Community\VC\Tools\MSVC\14.34.31933\include\xstddef(142,49): message : 'bool std::operator <(const std::map<_Kty,_Ty,_Pr,_Alloc> &,const std::map<_Kty,_Ty,_Pr,_Alloc> &)': could not deduce template argument for 'const std::map<_Kty,_Ty,_Pr,_Alloc> &' from 'const _Ty'
          with
          [
              _Ty=vipText
          ]
C:\Program Files\Microsoft Visual Studio\2022\Community\VC\Tools\MSVC\14.34.31933\include\tuple(693,27): message : or       'bool std::operator <(const std::tuple<_Types...> &,const std::tuple<_Types...> &)'
C:\Program Files\Microsoft Visual Studio\2022\Community\VC\Tools\MSVC\14.34.31933\include\xstddef(142,49): message : 'bool std::operator <(const std::tuple<_Types...> &,const std::tuple<_Types...> &)': could not deduce template argument for 'const std::tuple<_Types...> &' from 'const _Ty'
          with
          [
              _Ty=vipText
          ]
C:\Program Files\Microsoft Visual Studio\2022\Community\VC\Tools\MSVC\14.34.31933\include\stack(182,17): message : or       'bool std::operator <(const std::stack<_Ty,_Container> &,const std::stack<_Ty,_Container> &)'
C:\Program Files\Microsoft Visual Studio\2022\Community\VC\Tools\MSVC\14.34.31933\include\xstddef(142,49): message : 'bool std::operator <(const std::stack<_Ty,_Container> &,const std::stack<_Ty,_Container> &)': could not deduce template argument for 'const std::stack<_Ty,_Container> &' from 'const _Ty'
          with
          [
              _Ty=vipText
          ]
C:\Program Files\Microsoft Visual Studio\2022\Community\VC\Tools\MSVC\14.34.31933\include\deque(1725,17): message : or       'bool std::operator <(const std::deque<_Ty,_Alloc> &,const std::deque<_Ty,_Alloc> &)'
C:\Program Files\Microsoft Visual Studio\2022\Community\VC\Tools\MSVC\14.34.31933\include\xstddef(142,49): message : 'bool std::operator <(const std::deque<_Ty,_Alloc> &,const std::deque<_Ty,_Alloc> &)': could not deduce template argument for 'const std::deque<_Ty,_Alloc> &' from 'const _Ty'
          with
          [
              _Ty=vipText
          ]
C:\Program Files\Microsoft Visual Studio\2022\Community\VC\Tools\MSVC\14.34.31933\include\vector(2373,30): message : or       'bool std::operator <(const std::vector<_Ty,_Alloc> &,const std::vector<_Ty,_Alloc> &)'
C:\Program Files\Microsoft Visual Studio\2022\Community\VC\Tools\MSVC\14.34.31933\include\xstddef(142,49): message : 'bool std::operator <(const std::vector<_Ty,_Alloc> &,const std::vector<_Ty,_Alloc> &)': could not deduce template argument for 'const std::vector<_Ty,_Alloc> &' from 'const _Ty'
          with
          [
              _Ty=vipText
          ]
C:\Program Files\Microsoft Visual Studio\2022\Community\VC\Tools\MSVC\14.34.31933\include\memory(3545,30): message : or       'bool std::operator <(std::nullptr_t,const std::unique_ptr<_Ty,_Dx> &)'
C:\Program Files\Microsoft Visual Studio\2022\Community\VC\Tools\MSVC\14.34.31933\include\xstddef(142,49): message : 'bool std::operator <(std::nullptr_t,const std::unique_ptr<_Ty,_Dx> &)': could not deduce template argument for 'const std::unique_ptr<_Ty,_Dx> &' from 'const _Ty'
          with
          [
              _Ty=vipText
          ]
C:\Program Files\Microsoft Visual Studio\2022\Community\VC\Tools\MSVC\14.34.31933\include\memory(3539,30): message : or       'bool std::operator <(const std::unique_ptr<_Ty,_Dx> &,std::nullptr_t)'
C:\Program Files\Microsoft Visual Studio\2022\Community\VC\Tools\MSVC\14.34.31933\include\xstddef(142,49): message : 'bool std::operator <(const std::unique_ptr<_Ty,_Dx> &,std::nullptr_t)': could not deduce template argument for 'const std::unique_ptr<_Ty,_Dx> &' from 'const _Ty'
          with
          [
              _Ty=vipText
          ]
C:\Program Files\Microsoft Visual Studio\2022\Community\VC\Tools\MSVC\14.34.31933\include\memory(3481,17): message : or       'bool std::operator <(const std::unique_ptr<_Ty,_Dx> &,const std::unique_ptr<_Ty2,_Dx2> &)'
C:\Program Files\Microsoft Visual Studio\2022\Community\VC\Tools\MSVC\14.34.31933\include\xstddef(142,49): message : 'bool std::operator <(const std::unique_ptr<_Ty,_Dx> &,const std::unique_ptr<_Ty2,_Dx2> &)': could not deduce template argument for 'const std::unique_ptr<_Ty,_Dx> &' from 'const _Ty'
          with
          [
              _Ty=vipText
          ]
C:\Program Files\Microsoft Visual Studio\2022\Community\VC\Tools\MSVC\14.34.31933\include\memory(1879,17): message : or       'bool std::operator <(std::nullptr_t,const std::shared_ptr<_Ty> &) noexcept'
C:\Program Files\Microsoft Visual Studio\2022\Community\VC\Tools\MSVC\14.34.31933\include\xstddef(142,49): message : 'bool std::operator <(std::nullptr_t,const std::shared_ptr<_Ty> &) noexcept': could not deduce template argument for 'const std::shared_ptr<_Ty> &' from 'const _Ty'
          with
          [
              _Ty=vipText
          ]
C:\Program Files\Microsoft Visual Studio\2022\Community\VC\Tools\MSVC\14.34.31933\include\memory(1874,17): message : or       'bool std::operator <(const std::shared_ptr<_Ty> &,std::nullptr_t) noexcept'
C:\Program Files\Microsoft Visual Studio\2022\Community\VC\Tools\MSVC\14.34.31933\include\xstddef(142,49): message : 'bool std::operator <(const std::shared_ptr<_Ty> &,std::nullptr_t) noexcept': could not deduce template argument for 'const std::shared_ptr<_Ty> &' from 'const _Ty'
          with
          [
              _Ty=vipText
          ]
C:\Program Files\Microsoft Visual Studio\2022\Community\VC\Tools\MSVC\14.34.31933\include\memory(1827,17): message : or       'bool std::operator <(const std::shared_ptr<_Ty> &,const std::shared_ptr<_Ty0> &) noexcept'
C:\Program Files\Microsoft Visual Studio\2022\Community\VC\Tools\MSVC\14.34.31933\include\xstddef(142,49): message : 'bool std::operator <(const std::shared_ptr<_Ty> &,const std::shared_ptr<_Ty0> &) noexcept': could not deduce template argument for 'const std::shared_ptr<_Ty> &' from 'const _Ty'
          with
          [
              _Ty=vipText
          ]
C:\Program Files\Microsoft Visual Studio\2022\Community\VC\Tools\MSVC\14.34.31933\include\xstring(5241,17): message : or       'bool std::operator <(const std::basic_string<_Elem,_Traits,_Alloc> &,const _Elem *const )'
C:\Program Files\Microsoft Visual Studio\2022\Community\VC\Tools\MSVC\14.34.31933\include\xstddef(142,49): message : 'bool std::operator <(const std::basic_string<_Elem,_Traits,_Alloc> &,const _Elem *const )': could not deduce template argument for 'const std::basic_string<_Elem,_Traits,_Alloc> &' from 'const _Ty'
          with
          [
              _Ty=vipText
          ]
C:\Program Files\Microsoft Visual Studio\2022\Community\VC\Tools\MSVC\14.34.31933\include\xstring(5236,17): message : or       'bool std::operator <(const _Elem *const ,const std::basic_string<_Elem,_Traits,_Alloc> &)'
C:\Program Files\Microsoft Visual Studio\2022\Community\VC\Tools\MSVC\14.34.31933\include\xstddef(142,49): message : 'bool std::operator <(const _Elem *const ,const std::basic_string<_Elem,_Traits,_Alloc> &)': could not deduce template argument for 'const _Elem *const ' from 'const _Ty'
          with
          [
              _Ty=vipText
          ]
C:\Program Files\Microsoft Visual Studio\2022\Community\VC\Tools\MSVC\14.34.31933\include\xstring(5230,17): message : or       'bool std::operator <(const std::basic_string<_Elem,_Traits,_Alloc> &,const std::basic_string<_Elem,_Traits,_Alloc> &) noexcept'
C:\Program Files\Microsoft Visual Studio\2022\Community\VC\Tools\MSVC\14.34.31933\include\xstddef(142,49): message : 'bool std::operator <(const std::basic_string<_Elem,_Traits,_Alloc> &,const std::basic_string<_Elem,_Traits,_Alloc> &) noexcept': could not deduce template argument for 'const std::basic_string<_Elem,_Traits,_Alloc> &' from 'const _Ty'
          with
          [
              _Ty=vipText
          ]
C:\Program Files\Microsoft Visual Studio\2022\Community\VC\Tools\MSVC\14.34.31933\include\xutility(3599,5): message : or       'bool std::operator <(const std::move_iterator<_Iter> &,const std::move_iterator<_Iter2> &) noexcept(<expr>)'
C:\Program Files\Microsoft Visual Studio\2022\Community\VC\Tools\MSVC\14.34.31933\include\xstddef(142,49): message : 'bool std::operator <(const std::move_iterator<_Iter> &,const std::move_iterator<_Iter2> &) noexcept(<expr>)': could not deduce template argument for 'const std::move_iterator<_Iter> &' from 'const _Ty'
          with
          [
              _Ty=vipText
          ]
C:\Program Files\Microsoft Visual Studio\2022\Community\VC\Tools\MSVC\14.34.31933\include\xutility(1422,5): message : or       'bool std::operator <(const std::reverse_iterator<_BidIt> &,const std::reverse_iterator<_BidIt2> &) noexcept(<expr>)'
C:\Program Files\Microsoft Visual Studio\2022\Community\VC\Tools\MSVC\14.34.31933\include\xstddef(142,49): message : 'bool std::operator <(const std::reverse_iterator<_BidIt> &,const std::reverse_iterator<_BidIt2> &) noexcept(<expr>)': could not deduce template argument for 'const std::reverse_iterator<_BidIt> &' from 'const _Ty'
          with
          [
              _Ty=vipText
          ]
C:\Program Files\Microsoft Visual Studio\2022\Community\VC\Tools\MSVC\14.34.31933\include\utility(387,27): message : or       'bool std::operator <(const std::pair<_Ty1,_Ty2> &,const std::pair<_Ty1,_Ty2> &)'
C:\Program Files\Microsoft Visual Studio\2022\Community\VC\Tools\MSVC\14.34.31933\include\xstddef(142,49): message : 'bool std::operator <(const std::pair<_Ty1,_Ty2> &,const std::pair<_Ty1,_Ty2> &)': could not deduce template argument for 'const std::pair<_Ty1,_Ty2> &' from 'const _Ty'
          with
          [
              _Ty=vipText
          ]
C:\Program Files\Microsoft Visual Studio\2022\Community\VC\Tools\MSVC\14.34.31933\include\xutility(1091,16): message : see reference to function template instantiation 'bool std::_Debug_lt_pred<const std::less<vipText>&,const _Kty&,const _Keyty&,0>(_Pr,_Ty1,_Ty2) noexcept(<expr>)' being compiled
          with
          [
              _Kty=vipText,
              _Keyty=vipText,
              _Pr=const std::less<vipText> &,
              _Ty1=const vipText &,
              _Ty2=const vipText &
          ]
C:\Program Files\Microsoft Visual Studio\2022\Community\VC\Tools\MSVC\14.34.31933\include\map(195,20): message : see reference to function template instantiation 'std::_Tree_find_result<std::_Tree_node<std::pair<const vipText,std::vector<int,std::allocator<int>>>,std::_Default_allocator_traits<_Alloc>::void_pointer> *> std::_Tree<std::_Tmap_traits<_Kty,_Ty,_Pr,_Alloc,false>>::_Find_lower_bound<vipText>(const _Keyty &) const' being compiled
          with
          [
              _Alloc=std::allocator<std::pair<const vipText,std::vector<int,std::allocator<int>>>>,
              _Kty=vipText,
              _Ty=std::vector<int,std::allocator<int>>,
              _Pr=std::less<vipText>,
              _Keyty=vipText
          ]
C:\Program Files\Microsoft Visual Studio\2022\Community\VC\Tools\MSVC\14.34.31933\include\map(196,36): message : see reference to function template instantiation 'std::_Tree_find_result<std::_Tree_node<std::pair<const vipText,std::vector<int,std::allocator<int>>>,std::_Default_allocator_traits<_Alloc>::void_pointer> *> std::_Tree<std::_Tmap_traits<_Kty,_Ty,_Pr,_Alloc,false>>::_Find_lower_bound<vipText>(const _Keyty &) const' being compiled
          with
          [
              _Alloc=std::allocator<std::pair<const vipText,std::vector<int,std::allocator<int>>>>,
              _Kty=vipText,
              _Ty=std::vector<int,std::allocator<int>>,
              _Pr=std::less<vipText>,
              _Keyty=vipText
          ]
C:\Program Files\Microsoft Visual Studio\2022\Community\VC\Tools\MSVC\14.34.31933\include\map(345,1): message : see reference to function template instantiation 'std::pair<std::_Tree_node<std::pair<const vipText,std::vector<int,std::allocator<int>>>,std::_Default_allocator_traits<_Alloc>::void_pointer> *,bool> std::map<vipText,std::vector<int,std::allocator<int>>,std::less<vipText>,_Alloc>::_Try_emplace<const vipText&,>(_Keyty)' being compiled
          with
          [
              _Alloc=std::allocator<std::pair<const vipText,std::vector<int,std::allocator<int>>>>,
              _Keyty=const vipText &
          ]
C:\Program Files\Microsoft Visual Studio\2022\Community\VC\Tools\MSVC\14.34.31933\include\map(345,9): message : see reference to function template instantiation 'std::pair<std::_Tree_node<std::pair<const vipText,std::vector<int,std::allocator<int>>>,std::_Default_allocator_traits<_Alloc>::void_pointer> *,bool> std::map<vipText,std::vector<int,std::allocator<int>>,std::less<vipText>,_Alloc>::_Try_emplace<const vipText&,>(_Keyty)' being compiled
          with
          [
              _Alloc=std::allocator<std::pair<const vipText,std::vector<int,std::allocator<int>>>>,
              _Keyty=const vipText &
          ]
C:\Program Files\Microsoft Visual Studio\2022\Community\VC\Tools\MSVC\14.34.31933\include\map(344,1): message : while compiling class template member function 'std::vector<int,std::allocator<int>> &std::map<vipText,std::vector<int,std::allocator<int>>,std::less<vipText>,std::allocator<std::pair<const vipText,std::vector<int,std::allocator<int>>>>>::operator [](const vipText &)'
D:\Demo\Play.cpp(309,7): message : see reference to function template instantiation 'std::vector<int,std::allocator<int>> &std::map<vipText,std::vector<int,std::allocator<int>>,std::less<vipText>,std::allocator<std::pair<const vipText,std::vector<int,std::allocator<int>>>>>::operator [](const vipText &)' being compiled
D:\Demo\Play.cpp(164,28): message : see reference to class template instantiation 'std::map<vipText,std::vector<int,std::allocator<int>>,std::less<vipText>,std::allocator<std::pair<const vipText,std::vector<int,std::allocator<int>>>>>' being compiled
  Game.cpp
  mainOfGame.cpp
  vipText.cpp
  Generating Code...
